<?xml version="1.0" encoding="UTF-8"?>
<!-- Generated by org.testng.reporters.JUnitReportReporter -->
<testsuite skipped="0" hostname="DBHOVI2L1" name="com.rest.RestUtility.TestResponse" tests="1" failures="0" timestamp="08 Sep 2019 14:57:26 GMT" time="2.456" errors="0">
  <testcase name="verifyResponse" time="2.456" classname="com.rest.RestUtility.TestResponse"/>
</testsuite> <!-- com.rest.RestUtility.TestResponse -->
