<?xml version="1.0" encoding="UTF-8"?>
<!-- Generated by org.testng.reporters.JUnitReportReporter -->
<testsuite skipped="0" hostname="DBHOVI2L1" name="com.rest.RestUtility.TestCondition" tests="1" failures="0" timestamp="12 Sep 2019 10:17:38 GMT" time="1.646" errors="0">
  <testcase name="testCookies" time="1.646" classname="com.rest.RestUtility.TestCondition"/>
</testsuite> <!-- com.rest.RestUtility.TestCondition -->
