<?xml version="1.0" encoding="UTF-8"?>
<!-- Generated by org.testng.reporters.JUnitReportReporter -->
<testsuite skipped="0" hostname="DBHOVI2L1" name="com.rest.RestUtility.TestBasicCode" tests="1" failures="0" timestamp="17 Aug 2019 15:26:58 GMT" time="2.446" errors="0">
  <testcase name="testBody" time="2.446" classname="com.rest.RestUtility.TestBasicCode"/>
</testsuite> <!-- com.rest.RestUtility.TestBasicCode -->
