<?xml version="1.0" encoding="UTF-8"?>
<!-- Generated by org.testng.reporters.JUnitReportReporter -->
<testsuite skipped="0" hostname="DBHOVI2L1" name="com.rest.RestUtility.ResponseVerification" tests="1" failures="0" timestamp="23 Sep 2019 09:56:36 GMT" time="1.780" errors="1">
  <testcase name="TestContentTypeInResponse" time="1.780" classname="com.rest.RestUtility.ResponseVerification">
    <error type="javax.net.ssl.SSLHandshakeException" message="Remote host closed connection during handshake">
      <![CDATA[javax.net.ssl.SSLHandshakeException: Remote host closed connection during handshakeat sun.security.ssl.SSLSocketImpl.readRecord(SSLSocketImpl.java:1002)at sun.security.ssl.SSLSocketImpl.performInitialHandshake(SSLSocketImpl.java:1385)at sun.security.ssl.SSLSocketImpl.startHandshake(SSLSocketImpl.java:1413)at sun.security.ssl.SSLSocketImpl.startHandshake(SSLSocketImpl.java:1397)at org.apache.http.conn.ssl.SSLSocketFactory.createLayeredSocket(SSLSocketFactory.java:573)at org.apache.http.conn.ssl.SSLSocketFactory.connectSocket(SSLSocketFactory.java:557)at org.apache.http.conn.ssl.SSLSocketFactory.connectSocket(SSLSocketFactory.java:414)at org.apache.http.impl.conn.DefaultClientConnectionOperator.openConnection(DefaultClientConnectionOperator.java:180)at org.apache.http.impl.conn.ManagedClientConnectionImpl.open(ManagedClientConnectionImpl.java:326)at org.apache.http.impl.client.DefaultRequestDirector.tryConnect(DefaultRequestDirector.java:610)at org.apache.http.impl.client.DefaultRequestDirector.execute(DefaultRequestDirector.java:445)at org.apache.http.impl.client.AbstractHttpClient.doExecute(AbstractHttpClient.java:835)at org.apache.http.impl.client.CloseableHttpClient.execute(CloseableHttpClient.java:83)at org.apache.http.impl.client.CloseableHttpClient.execute(CloseableHttpClient.java:56)at org.apache.http.client.HttpClient$execute$0.call(Unknown Source)at org.codehaus.groovy.runtime.callsite.CallSiteArray.defaultCall(CallSiteArray.java:47)at org.codehaus.groovy.runtime.callsite.AbstractCallSite.call(AbstractCallSite.java:116)at org.codehaus.groovy.runtime.callsite.AbstractCallSite.call(AbstractCallSite.java:136)at io.restassured.internal.RequestSpecificationImpl$RestAssuredHttpBuilder.doRequest(RequestSpecificationImpl.groovy:2146)at io.restassured.internal.http.HTTPBuilder.doRequest(HTTPBuilder.java:494)at io.restassured.internal.http.HTTPBuilder.request(HTTPBuilder.java:451)at io.restassured.internal.http.HTTPBuilder$request$2.call(Unknown Source)at org.codehaus.groovy.runtime.callsite.CallSiteArray.defaultCall(CallSiteArray.java:47)at org.codehaus.groovy.runtime.callsite.AbstractCallSite.call(AbstractCallSite.java:116)at org.codehaus.groovy.runtime.callsite.AbstractCallSite.call(AbstractCallSite.java:152)at io.restassured.internal.RequestSpecificationImpl.sendHttpRequest(RequestSpecificationImpl.groovy:1544)at sun.reflect.NativeMethodAccessorImpl.invoke0(Native Method)at sun.reflect.NativeMethodAccessorImpl.invoke(NativeMethodAccessorImpl.java:62)at sun.reflect.DelegatingMethodAccessorImpl.invoke(DelegatingMethodAccessorImpl.java:43)at java.lang.reflect.Method.invoke(Method.java:498)at org.codehaus.groovy.reflection.CachedMethod.invoke(CachedMethod.java:98)at groovy.lang.MetaMethod.doMethodInvoke(MetaMethod.java:325)at groovy.lang.MetaClassImpl.invokeMethod(MetaClassImpl.java:1225)at groovy.lang.MetaClassImpl.invokeMethod(MetaClassImpl.java:1034)at groovy.lang.MetaClassImpl.invokeMethod(MetaClassImpl.java:822)at io.restassured.internal.RequestSpecificationImpl.invokeMethod(RequestSpecificationImpl.groovy)at org.codehaus.groovy.runtime.callsite.PogoInterceptableSite.call(PogoInterceptableSite.java:47)at org.codehaus.groovy.runtime.callsite.PogoInterceptableSite.callCurrent(PogoInterceptableSite.java:57)at org.codehaus.groovy.runtime.callsite.CallSiteArray.defaultCallCurrent(CallSiteArray.java:51)at org.codehaus.groovy.runtime.callsite.AbstractCallSite.callCurrent(AbstractCallSite.java:157)at io.restassured.internal.RequestSpecificationImpl.sendRequest(RequestSpecificationImpl.groovy:1293)at sun.reflect.NativeMethodAccessorImpl.invoke0(Native Method)at sun.reflect.NativeMethodAccessorImpl.invoke(NativeMethodAccessorImpl.java:62)at sun.reflect.DelegatingMethodAccessorImpl.invoke(DelegatingMethodAccessorImpl.java:43)at java.lang.reflect.Method.invoke(Method.java:498)at org.codehaus.groovy.reflection.CachedMethod.invoke(CachedMethod.java:98)at groovy.lang.MetaMethod.doMethodInvoke(MetaMethod.java:325)at groovy.lang.MetaClassImpl.invokeMethod(MetaClassImpl.java:1225)at groovy.lang.MetaClassImpl.invokeMethod(MetaClassImpl.java:1034)at groovy.lang.MetaClassImpl.invokeMethod(MetaClassImpl.java:822)at io.restassured.internal.RequestSpecificationImpl.invokeMethod(RequestSpecificationImpl.groovy)at org.codehaus.groovy.runtime.callsite.PogoInterceptableSite.call(PogoInterceptableSite.java:47)at org.codehaus.groovy.runtime.callsite.CallSiteArray.defaultCall(CallSiteArray.java:47)at org.codehaus.groovy.runtime.callsite.AbstractCallSite.call(AbstractCallSite.java:116)at org.codehaus.groovy.runtime.callsite.AbstractCallSite.call(AbstractCallSite.java:152)at io.restassured.internal.filter.SendRequestFilter.filter(SendRequestFilter.groovy:30)at io.restassured.filter.Filter$filter$0.call(Unknown Source)at org.codehaus.groovy.runtime.callsite.CallSiteArray.defaultCall(CallSiteArray.java:47)at io.restassured.filter.Filter$filter.call(Unknown Source)at io.restassured.internal.filter.FilterContextImpl.next(FilterContextImpl.groovy:72)at io.restassured.filter.time.TimingFilter.filter(TimingFilter.java:56)at io.restassured.filter.Filter$filter.call(Unknown Source)at org.codehaus.groovy.runtime.callsite.CallSiteArray.defaultCall(CallSiteArray.java:47)at org.codehaus.groovy.runtime.callsite.AbstractCallSite.call(AbstractCallSite.java:116)at org.codehaus.groovy.runtime.callsite.AbstractCallSite.call(AbstractCallSite.java:144)at io.restassured.internal.filter.FilterContextImpl.next(FilterContextImpl.groovy:72)at io.restassured.filter.FilterContext$next.call(Unknown Source)at org.codehaus.groovy.runtime.callsite.CallSiteArray.defaultCall(CallSiteArray.java:47)at org.codehaus.groovy.runtime.callsite.AbstractCallSite.call(AbstractCallSite.java:116)at org.codehaus.groovy.runtime.callsite.AbstractCallSite.call(AbstractCallSite.java:136)at io.restassured.internal.RequestSpecificationImpl.applyPathParamsAndSendRequest(RequestSpecificationImpl.groovy:1749)at sun.reflect.NativeMethodAccessorImpl.invoke0(Native Method)at sun.reflect.NativeMethodAccessorImpl.invoke(NativeMethodAccessorImpl.java:62)at sun.reflect.DelegatingMethodAccessorImpl.invoke(DelegatingMethodAccessorImpl.java:43)at java.lang.reflect.Method.invoke(Method.java:498)at org.codehaus.groovy.reflection.CachedMethod.invoke(CachedMethod.java:98)at groovy.lang.MetaMethod.doMethodInvoke(MetaMethod.java:325)at groovy.lang.MetaClassImpl.invokeMethod(MetaClassImpl.java:1225)at groovy.lang.MetaClassImpl.invokeMethod(MetaClassImpl.java:1034)at groovy.lang.MetaClassImpl.invokeMethod(MetaClassImpl.java:822)at io.restassured.internal.RequestSpecificationImpl.invokeMethod(RequestSpecificationImpl.groovy)at org.codehaus.groovy.runtime.callsite.PogoInterceptableSite.call(PogoInterceptableSite.java:47)at org.codehaus.groovy.runtime.callsite.PogoInterceptableSite.callCurrent(PogoInterceptableSite.java:57)at org.codehaus.groovy.runtime.callsite.CallSiteArray.defaultCallCurrent(CallSiteArray.java:51)at org.codehaus.groovy.runtime.callsite.AbstractCallSite.callCurrent(AbstractCallSite.java:157)at org.codehaus.groovy.runtime.callsite.AbstractCallSite.callCurrent(AbstractCallSite.java:185)at io.restassured.internal.RequestSpecificationImpl.applyPathParamsAndSendRequest(RequestSpecificationImpl.groovy:1755)at sun.reflect.NativeMethodAccessorImpl.invoke0(Native Method)at sun.reflect.NativeMethodAccessorImpl.invoke(NativeMethodAccessorImpl.java:62)at sun.reflect.DelegatingMethodAccessorImpl.invoke(DelegatingMethodAccessorImpl.java:43)at java.lang.reflect.Method.invoke(Method.java:498)at org.codehaus.groovy.reflection.CachedMethod.invoke(CachedMethod.java:98)at groovy.lang.MetaMethod.doMethodInvoke(MetaMethod.java:325)at groovy.lang.MetaClassImpl.invokeMethod(MetaClassImpl.java:1225)at groovy.lang.MetaClassImpl.invokeMethod(MetaClassImpl.java:1034)at groovy.lang.MetaClassImpl.invokeMethod(MetaClassImpl.java:822)at io.restassured.internal.RequestSpecificationImpl.invokeMethod(RequestSpecificationImpl.groovy)at org.codehaus.groovy.runtime.callsite.PogoInterceptableSite.call(PogoInterceptableSite.java:47)at org.codehaus.groovy.runtime.callsite.PogoInterceptableSite.callCurrent(PogoInterceptableSite.java:57)at org.codehaus.groovy.runtime.callsite.CallSiteArray.defaultCallCurrent(CallSiteArray.java:51)at org.codehaus.groovy.runtime.callsite.AbstractCallSite.callCurrent(AbstractCallSite.java:157)at org.codehaus.groovy.runtime.callsite.AbstractCallSite.callCurrent(AbstractCallSite.java:185)at io.restassured.internal.RequestSpecificationImpl.get(RequestSpecificationImpl.groovy:171)at io.restassured.internal.RequestSpecificationImpl.get(RequestSpecificationImpl.groovy)at com.rest.RestUtility.ResponseVerification.TestContentTypeInResponse(ResponseVerification.java:33)at sun.reflect.NativeMethodAccessorImpl.invoke0(Native Method)at sun.reflect.NativeMethodAccessorImpl.invoke(NativeMethodAccessorImpl.java:62)at sun.reflect.DelegatingMethodAccessorImpl.invoke(DelegatingMethodAccessorImpl.java:43)at java.lang.reflect.Method.invoke(Method.java:498)at org.testng.internal.MethodInvocationHelper.invokeMethod(MethodInvocationHelper.java:124)at org.testng.internal.Invoker.invokeMethod(Invoker.java:571)at org.testng.internal.Invoker.invokeTestMethod(Invoker.java:707)at org.testng.internal.Invoker.invokeTestMethods(Invoker.java:979)at org.testng.internal.TestMethodWorker.invokeTestMethods(TestMethodWorker.java:125)at org.testng.internal.TestMethodWorker.run(TestMethodWorker.java:109)at org.testng.TestRunner.privateRun(TestRunner.java:648)at org.testng.TestRunner.run(TestRunner.java:505)at org.testng.SuiteRunner.runTest(SuiteRunner.java:455)at org.testng.SuiteRunner.runSequentially(SuiteRunner.java:450)at org.testng.SuiteRunner.privateRun(SuiteRunner.java:415)at org.testng.SuiteRunner.run(SuiteRunner.java:364)at org.testng.SuiteRunnerWorker.runSuite(SuiteRunnerWorker.java:52)at org.testng.SuiteRunnerWorker.run(SuiteRunnerWorker.java:84)at org.testng.TestNG.runSuitesSequentially(TestNG.java:1187)at org.testng.TestNG.runSuitesLocally(TestNG.java:1116)at org.testng.TestNG.runSuites(TestNG.java:1028)at org.testng.TestNG.run(TestNG.java:996)at org.testng.remote.AbstractRemoteTestNG.run(AbstractRemoteTestNG.java:114)at org.testng.remote.RemoteTestNG.initAndRun(RemoteTestNG.java:251)at org.testng.remote.RemoteTestNG.main(RemoteTestNG.java:77)Caused by: java.io.EOFException: SSL peer shut down incorrectlyat sun.security.ssl.InputRecord.read(InputRecord.java:505)at sun.security.ssl.SSLSocketImpl.readRecord(SSLSocketImpl.java:983)... 129 more]]>
    </error>
  </testcase> <!-- TestContentTypeInResponse -->
</testsuite> <!-- com.rest.RestUtility.ResponseVerification -->
